#
# A fatal error has been detected by the Java Runtime Environment:
#
#  EXCEPTION_ACCESS_VIOLATION (0xc0000005) at pc=0x000000006ac0fc38, pid=6896, tid=7196
#
# JRE version: Java(TM) SE Runtime Environment (7.0_79-b15) (build 1.7.0_79-b15)
# Java VM: Java HotSpot(TM) 64-Bit Server VM (24.79-b02 mixed mode windows-amd64 compressed oops)
# Problematic frame:
# V  [jvm.dll+0x7fc38]
#
# Failed to write core dump. Minidumps are not enabled by default on client versions of Windows
#
# If you would like to submit a bug report, please visit:
#   http://bugreport.java.com/bugreport/crash.jsp
#

---------------  T H R E A D  ---------------

Current thread (0x000000000af7d000):  JavaThread "C2 CompilerThread1" daemon [_thread_in_vm, id=7196, stack(0x000000000d590000,0x000000000d690000)]

siginfo: ExceptionCode=0xc0000005, reading address 0x0000080000000000

Registers:
RAX=0xffffffffffffffff, RBX=0x0000080000000000, RCX=0x000000006ade3f5c, RDX=0x0000000000000048
RSP=0x000000000d68da00, RBP=0x000000000000f000, RSI=0x0000000000000001, RDI=0x00000000024a9c82
R8 =0x000000000d68da01, R9 =0x000000006ab90000, R10=0x0000000000000000, R11=0x0000000000000000
R12=0x000000006b0ffe08, R13=0x0000000000000000, R14=0x0000000000001000, R15=0x000000000d68f158
RIP=0x000000006ac0fc38, EFLAGS=0x0000000000010213

Top of Stack: (sp=0x000000000d68da00)
0x000000000d68da00:   0000000000000000 0000000000000001
0x000000000d68da10:   0000000000000001 00000000020bda90
0x000000000d68da20:   0000000000000000 00000000024a92d4
0x000000000d68da30:   00000000024a92e0 00000000024a9190
0x000000000d68da40:   00000000024a9c80 00000000024a92e0
0x000000000d68da50:   00000000024a92d0 000000006a000000
0x000000000d68da60:   00000000024a92e0 00000000024a92e0
0x000000000d68da70:   00000000024a9c80 00000000024a92e0
0x000000000d68da80:   00000000024a9c80 00000000024a9ca8
0x000000000d68da90:   000000006b0ffe08 000000000d68da20
0x000000000d68daa0:   0000000000000000 000000006ac14075
0x000000000d68dab0:   0000000000000150 00000000024a9190
0x000000000d68dac0:   000000000d68f2d8 000000000d68f2c0
0x000000000d68dad0:   000000000d68f0e4 000000006ac12cf6
0x000000000d68dae0:   0000000000000000 00000000020bda90
0x000000000d68daf0:   00000000024a9190 000000000bfb3010 

Instructions: (pc=0x000000006ac0fc38)
0x000000006ac0fc18:   8c 24 90 00 00 00 e8 bd 4e 00 00 48 8b f8 48 8b
0x000000006ac0fc28:   18 48 85 db 74 22 e8 1d e8 04 00 48 3b d8 74 18
0x000000006ac0fc38:   48 8b 0b 48 89 0f 48 8d 8c 24 90 00 00 00 e8 15
0x000000006ac0fc48:   4f 00 00 e9 13 ff ff ff 48 89 1f 48 8d 8c 24 90 


Register to memory mapping:

RAX=0xffffffffffffffff is an unknown value
RBX=0x0000080000000000 is an unknown value
RCX=0x000000006ade3f5c is an unknown value
RDX=0x0000000000000048 is an unknown value
RSP=0x000000000d68da00 is pointing into the stack for thread: 0x000000000af7d000
RBP=0x000000000000f000 is an unknown value
RSI=0x0000000000000001 is an unknown value
RDI=0x00000000024a9c82 is at entry_point+2466 in (nmethod*)0x00000000024a9190
R8 =0x000000000d68da01 is pointing into the stack for thread: 0x000000000af7d000
R9 =0x000000006ab90000 is an unknown value
R10=0x0000000000000000 is an unknown value
R11=0x0000000000000000 is an unknown value
R12=0x000000006b0ffe08 is an unknown value
R13=0x0000000000000000 is an unknown value
R14=0x0000000000001000 is an unknown value
R15=0x000000000d68f158 is pointing into the stack for thread: 0x000000000af7d000


Stack: [0x000000000d590000,0x000000000d690000],  sp=0x000000000d68da00,  free space=1014k
Native frames: (J=compiled Java code, j=interpreted, Vv=VM code, C=native code)
V  [jvm.dll+0x7fc38]

[error occurred during error reporting (printing native stack), id 0xc0000005]


Current CompileTask:
C2:    209    8             sun.security.provider.SHA::implCompress (491 bytes)


---------------  P R O C E S S  ---------------

Java Threads: ( => current thread )
  0x000000000af7f800 JavaThread "Service Thread" daemon [_thread_blocked, id=4092, stack(0x000000000d8b0000,0x000000000d9b0000)]
=>0x000000000af7d000 JavaThread "C2 CompilerThread1" daemon [_thread_in_vm, id=7196, stack(0x000000000d590000,0x000000000d690000)]
  0x000000000af72000 JavaThread "C2 CompilerThread0" daemon [_thread_blocked, id=1648, stack(0x000000000d760000,0x000000000d860000)]
  0x000000000af71000 JavaThread "Attach Listener" daemon [_thread_blocked, id=4912, stack(0x000000000ce20000,0x000000000cf20000)]
  0x000000000af70800 JavaThread "Signal Dispatcher" daemon [_thread_blocked, id=3420, stack(0x000000000d480000,0x000000000d580000)]
  0x000000000af61000 JavaThread "Finalizer" daemon [_thread_blocked, id=6932, stack(0x000000000d2e0000,0x000000000d3e0000)]
  0x0000000002127800 JavaThread "Reference Handler" daemon [_thread_blocked, id=3332, stack(0x000000000d100000,0x000000000d200000)]
  0x00000000003ce000 JavaThread "main" [_thread_in_vm, id=6408, stack(0x0000000002340000,0x0000000002440000)]

Other Threads:
  0x000000000bec3800 VMThread [stack: 0x000000000cf30000,0x000000000d030000] [id=2056]
  0x000000000bf18000 WatcherThread [stack: 0x000000000d9b0000,0x000000000dab0000] [id=6992]

VM state:not at safepoint (normal execution)

VM Mutex/Monitor currently owned by a thread:  ([mutex/lock_event])
[0x00000000003cb4a0] CodeCache_lock - owner thread: 0x000000000af7d000
[0x00000000003ccbd0] Compile_lock - owner thread: 0x000000000af7d000
[0x00000000003cccd0] MethodCompileQueue_lock - owner thread: 0x000000000af7d000

Heap
 PSYoungGen      total 76800K, used 3963K [0x00000007d5500000, 0x00000007daa80000, 0x0000000800000000)
  eden space 66048K, 6% used [0x00000007d5500000,0x00000007d58decb0,0x00000007d9580000)
  from space 10752K, 0% used [0x00000007da000000,0x00000007da000000,0x00000007daa80000)
  to   space 10752K, 0% used [0x00000007d9580000,0x00000007d9580000,0x00000007da000000)
 ParOldGen       total 174592K, used 0K [0x0000000780000000, 0x000000078aa80000, 0x00000007d5500000)
  object space 174592K, 0% used [0x0000000780000000,0x0000000780000000,0x000000078aa80000)
 PSPermGen       total 21504K, used 3492K [0x000000077ae00000, 0x000000077c300000, 0x0000000780000000)
  object space 21504K, 16% used [0x000000077ae00000,0x000000077b169070,0x000000077c300000)

Card table byte_map: [0x0000000005440000,0x0000000005870000] byte_map_base: 0x0000000001869000

Polling page: 0x0000000000130000

Code Cache  [0x0000000002440000, 0x00000000026b0000, 0x0000000005440000)
 total_blobs=221 nmethods=9 adapters=163 free_code_cache=48717Kb largest_free_block=49883968

Compilation events (10 events):
Event: 0.109 Thread 0x000000000af72000    6             java.util.Properties$LineReader::readLine (452 bytes)
Event: 0.110 Thread 0x000000000af7d000 nmethod 4% 0x00000000024a5f10 code [0x00000000024a6080, 0x00000000024a6848]
Event: 0.111 Thread 0x000000000af7d000    7             java.util.Properties::loadConvert (505 bytes)
Event: 0.118 Thread 0x000000000af7d000 nmethod 7 0x00000000024a6d50 code [0x00000000024a6ec0, 0x00000000024a75c8]
Event: 0.120 Thread 0x000000000af72000 nmethod 6 0x00000000024a79d0 code [0x00000000024a7b80, 0x00000000024a8450]
Event: 0.189 Thread 0x000000000af7d000    8             sun.security.provider.SHA::implCompress (491 bytes)
Event: 0.192 Thread 0x000000000af72000    9             java.lang.String::lastIndexOf (52 bytes)
Event: 0.194 Thread 0x000000000af72000 nmethod 9 0x00000000024a4cd0 code [0x00000000024a4e20, 0x00000000024a4f88]
Event: 0.194 Thread 0x000000000af72000   10             sun.nio.cs.UTF_8$Encoder::encode (361 bytes)
Event: 0.199 Thread 0x000000000af72000 nmethod 10 0x00000000024a4350 code [0x00000000024a44a0, 0x00000000024a49a8]

GC Heap History (0 events):
No events

Deoptimization events (1 events):
Event: 0.109 Thread 0x00000000003ce000 Uncommon trap: reason=unreached action=reinterpret pc=0x00000000024a35c4 method=java.util.Properties$LineReader.readLine()I @ 166

Internal exceptions (9 events):
Event: 0.023 Thread 0x00000000003ce000 Threw 0x00000007d550a340 at C:\re\jdk7u79\2331\hotspot\src\share\vm\prims\jni.cpp:3991
Event: 0.057 Thread 0x00000000003ce000 Threw 0x00000007d5553af8 at C:\re\jdk7u79\2331\hotspot\src\share\vm\prims\jvm.cpp:1304
Event: 0.061 Thread 0x00000000003ce000 Threw 0x00000007d5563278 at C:\re\jdk7u79\2331\hotspot\src\share\vm\prims\jvm.cpp:1304
Event: 0.063 Thread 0x00000000003ce000 Threw 0x00000007d5567d50 at C:\re\jdk7u79\2331\hotspot\src\share\vm\prims\jvm.cpp:1304
Event: 0.063 Thread 0x00000000003ce000 Threw 0x00000007d556a0f8 at C:\re\jdk7u79\2331\hotspot\src\share\vm\prims\jvm.cpp:1304
Event: 0.104 Thread 0x00000000003ce000 Threw 0x00000007d55dc770 at C:\re\jdk7u79\2331\hotspot\src\share\vm\prims\jvm.cpp:1304
Event: 0.104 Thread 0x00000000003ce000 Threw 0x00000007d55dc898 at C:\re\jdk7u79\2331\hotspot\src\share\vm\prims\jvm.cpp:1304
Event: 0.106 Thread 0x00000000003ce000 Threw 0x00000007d55e0510 at C:\re\jdk7u79\2331\hotspot\src\share\vm\prims\jvm.cpp:1304
Event: 0.106 Thread 0x00000000003ce000 Threw 0x00000007d55e0638 at C:\re\jdk7u79\2331\hotspot\src\share\vm\prims\jvm.cpp:1304

Events (10 events):
Event: 0.186 loading class 0x000000000bff1b80
Event: 0.186 loading class 0x000000000bff1b80 done
Event: 0.186 loading class 0x000000000bff1c00 done
Event: 0.186 loading class 0x000000000bff20e0 done
Event: 0.186 loading class 0x000000000c173020
Event: 0.186 loading class 0x000000000c173020 done
Event: 0.187 loading class 0x000000000bff54d0
Event: 0.187 loading class 0x000000000c175c70
Event: 0.187 loading class 0x000000000c175c70 done
Event: 0.187 loading class 0x000000000bff54d0 done


Dynamic libraries:
0x000000013f730000 - 0x000000013f763000 	C:\Program Files\Java\jdk1.7.0_79\bin\java.exe
0x0000000077080000 - 0x000000007722a000 	C:\Windows\SYSTEM32\ntdll.dll
0x0000000076f60000 - 0x000000007707f000 	C:\Windows\system32\kernel32.dll
0x000007fefcef0000 - 0x000007fefcf5a000 	C:\Windows\system32\KERNELBASE.dll
0x000007fefd8b0000 - 0x000007fefd98b000 	C:\Windows\system32\ADVAPI32.dll
0x000007fefd630000 - 0x000007fefd6cf000 	C:\Windows\system32\msvcrt.dll
0x000007fefddb0000 - 0x000007fefddcf000 	C:\Windows\SYSTEM32\sechost.dll
0x000007fefd260000 - 0x000007fefd38d000 	C:\Windows\system32\RPCRT4.dll
0x0000000076e60000 - 0x0000000076f5a000 	C:\Windows\system32\USER32.dll
0x000007fefe150000 - 0x000007fefe1b7000 	C:\Windows\system32\GDI32.dll
0x000007fefdd00000 - 0x000007fefdd0e000 	C:\Windows\system32\LPK.dll
0x000007fefe4b0000 - 0x000007fefe57a000 	C:\Windows\system32\USP10.dll
0x000007fefb840000 - 0x000007fefba34000 	C:\Windows\WinSxS\amd64_microsoft.windows.common-controls_6595b64144ccf1df_6.0.7601.18837_none_fa3b1e3d17594757\COMCTL32.dll
0x000007fefe0c0000 - 0x000007fefe131000 	C:\Windows\system32\SHLWAPI.dll
0x000007feff310000 - 0x000007feff33e000 	C:\Windows\system32\IMM32.DLL
0x000007fefd390000 - 0x000007fefd499000 	C:\Windows\system32\MSCTF.dll
0x000000006c140000 - 0x000000006c212000 	C:\Program Files\Java\jdk1.7.0_79\jre\bin\msvcr100.dll
0x000000006ab90000 - 0x000000006b365000 	C:\Program Files\Java\jdk1.7.0_79\jre\bin\server\jvm.dll
0x000007fef70e0000 - 0x000007fef70e9000 	C:\Windows\system32\WSOCK32.dll
0x000007feff340000 - 0x000007feff38d000 	C:\Windows\system32\WS2_32.dll
0x000007fefe140000 - 0x000007fefe148000 	C:\Windows\system32\NSI.dll
0x000007fefaa30000 - 0x000007fefaa6b000 	C:\Windows\system32\WINMM.dll
0x0000000077240000 - 0x0000000077247000 	C:\Windows\system32\PSAPI.DLL
0x000000006ccd0000 - 0x000000006ccdf000 	C:\Program Files\Java\jdk1.7.0_79\jre\bin\verify.dll
0x000000006cca0000 - 0x000000006ccc8000 	C:\Program Files\Java\jdk1.7.0_79\jre\bin\java.dll
0x000000006c3a0000 - 0x000000006c3b5000 	C:\Program Files\Java\jdk1.7.0_79\jre\bin\zip.dll
0x000007fefc600000 - 0x000007fefc618000 	C:\Windows\system32\CRYPTSP.dll
0x000007fefc300000 - 0x000007fefc347000 	C:\Windows\system32\rsaenh.dll
0x000007fefced0000 - 0x000007fefceee000 	C:\Windows\system32\USERENV.dll
0x000007fefce10000 - 0x000007fefce1f000 	C:\Windows\system32\profapi.dll
0x000007fefcca0000 - 0x000007fefccaf000 	C:\Windows\system32\CRYPTBASE.dll
0x000000006c3c0000 - 0x000000006c3da000 	C:\Program Files\Java\jdk1.7.0_79\jre\bin\net.dll
0x000007fefc5a0000 - 0x000007fefc5f5000 	C:\Windows\system32\mswsock.dll
0x000007fefc590000 - 0x000007fefc597000 	C:\Windows\System32\wship6.dll
0x000007fefa5d0000 - 0x000007fefa5f7000 	C:\Windows\system32\IPHLPAPI.DLL
0x000007fefa5c0000 - 0x000007fefa5cb000 	C:\Windows\system32\WINNSI.DLL
0x000007fefa4f0000 - 0x000007fefa501000 	C:\Windows\system32\dhcpcsvc6.DLL
0x000007fefa4d0000 - 0x000007fefa4e8000 	C:\Windows\system32\dhcpcsvc.DLL
0x000000006c380000 - 0x000000006c391000 	C:\Program Files\Java\jdk1.7.0_79\jre\bin\nio.dll
0x000007fef8170000 - 0x000007fef8295000 	C:\Windows\system32\dbghelp.dll

VM Arguments:
jvm_args: -Xmx2048M -Dcom.android.sdkmanager.toolsdir=C:/Users/Robert/AppData/Local/Android/sdk\tools -Dfile.encoding=UTF8 
java_command: C:\Program Files\Unity\Editor\Data\PlaybackEngines\AndroidPlayer/Tools\sdktools.jar -
Launcher Type: SUN_STANDARD

Environment Variables:
PATH=C:\Program Files (x86)\AMD APP\bin\x86_64;C:\Program Files (x86)\AMD APP\bin\x86;C:\Windows\system32;C:\Windows;C:\Windows\System32\Wbem;C:\Windows\System32\WindowsPowerShell\v1.0\;C:\Program Files (x86)\ATI Technologies\ATI.ACE\Core-Static;C:\Program Files (x86)\NVIDIA Corporation\PhysX\Common;C:\Program Files (x86)\GtkSharp\2.12\bin;C:\Program Files (x86)\Windows Kits\8.1\Windows Performance Toolkit\
USERNAME=Robert
OS=Windows_NT
PROCESSOR_IDENTIFIER=AMD64 Family 21 Model 2 Stepping 0, AuthenticAMD



---------------  S Y S T E M  ---------------

OS: Windows 7 , 64 bit Build 7601 Service Pack 1

CPU:total 8 (8 cores per cpu, 1 threads per core) family 21 model 2 stepping 0, cmov, cx8, fxsr, mmx, sse, sse2, sse3, ssse3, sse4.1, sse4.2, popcnt, avx, aes, mmxext, 3dnowpref, lzcnt, sse4a, tsc, tscinvbit, tscinv

Memory: 4k page, physical 16775348k(12058880k free), swap 33548840k(28273632k free)

vm_info: Java HotSpot(TM) 64-Bit Server VM (24.79-b02) for windows-amd64 JRE (1.7.0_79-b15), built on Apr 10 2015 12:36:16 by "java_re" with unknown MS VC++:1600

time: Tue May 03 15:22:51 2016
elapsed time: 0 seconds

