#
# A fatal error has been detected by the Java Runtime Environment:
#
#  EXCEPTION_ACCESS_VIOLATION (0xc0000005) at pc=0x0000000000000000, pid=8232, tid=6424
#
# JRE version:  (7.0_79-b15) (build )
# Java VM: Java HotSpot(TM) 64-Bit Server VM (24.79-b02 mixed mode windows-amd64 compressed oops)
# Problematic frame:
# C  0x0000000000000000
#
# Failed to write core dump. Minidumps are not enabled by default on client versions of Windows
#
# If you would like to submit a bug report, please visit:
#   http://bugreport.java.com/bugreport/crash.jsp
#

---------------  T H R E A D  ---------------

Current thread (0x0000000001c7f000):  JavaThread "Unknown thread" [_thread_in_Java, id=6424, stack(0x00000000023a0000,0x00000000024a0000)]

siginfo: ExceptionCode=0xc0000005, ExceptionInformation=0x0000000000000008 0x0000000000000000

Registers:
RAX=0x0000000000000000, RBX=0x000000077ae148b8, RCX=0x00000007d5500ad0, RDX=0x0000000000500001
RSP=0x000000000249e3e8, RBP=0x000000000249e438, RSI=0x0000000001c7f000, RDI=0x0000000000000000
R8 =0x0000000000000004, R9 =0x000000000af83fc0, R10=0x0000000058159090, R11=0x000000000af83fc0
R12=0x0000000000000000, R13=0x000000000249e3f0, R14=0x000000000249e440, R15=0x0000000001c7f000
RIP=0x0000000000000000, EFLAGS=0x0000000000010246

Top of Stack: (sp=0x000000000249e3e8)
0x000000000249e3e8:   00000000024a63f0 00000007d5500ad0
0x000000000249e3f8:   000000000249e3f8 000000077ae2339b
0x000000000249e408:   000000000249e440 000000077aea9fe8
0x000000000249e418:   0000000000000000 000000077ae233d8
0x000000000249e428:   000000000249e3f0 000000000249e448
0x000000000249e438:   000000000249e520 00000000024a061a
0x000000000249e448:   0000000000000000 0000000000000000
0x000000000249e458:   0000000000000000 0000000000000000
0x000000000249e468:   0000000000000000 0000000000000000
0x000000000249e478:   0000000000000000 0000000000000000
0x000000000249e488:   0000000000000000 0000000000000000
0x000000000249e498:   0000000000000000 0000000000000000
0x000000000249e4a8:   0000000000000000 0000000000000000
0x000000000249e4b8:   0000000000000000 0000000000000000
0x000000000249e4c8:   0000000000000000 0000000000000000
0x000000000249e4d8:   0000000000000000 0000000000000000 

Instructions: (pc=0x0000000000000000)
0xffffffffffffffe0:   


Register to memory mapping:

RAX=0x0000000000000000 is an unknown value
RBX=0x000000077ae148b8 is an oop
{method} 
 - klass: {other class}
RCX=0x00000007d5500ad0 is an oop
java.lang.Class 
 - klass: 'java/lang/Class'
RDX=0x0000000000500001 is an unknown value
RSP=0x000000000249e3e8 is pointing into the stack for thread: 0x0000000001c7f000
RBP=0x000000000249e438 is pointing into the stack for thread: 0x0000000001c7f000
RSI=0x0000000001c7f000 is a thread
RDI=0x0000000000000000 is an unknown value
R8 =0x0000000000000004 is an unknown value
R9 =0x000000000af83fc0 is an unknown value
R10=0x0000000058159090 is an unknown value
R11=0x000000000af83fc0 is an unknown value
R12=0x0000000000000000 is an unknown value
R13=0x000000000249e3f0 is pointing into the stack for thread: 0x0000000001c7f000
R14=0x000000000249e440 is pointing into the stack for thread: 0x0000000001c7f000
R15=0x0000000001c7f000 is a thread


Stack: [0x00000000023a0000,0x00000000024a0000],  sp=0x000000000249e3e8,  free space=1016k

---------------  P R O C E S S  ---------------

Java Threads: ( => current thread )
=>0x0000000001c7f000 JavaThread "Unknown thread" [_thread_in_Java, id=6424, stack(0x00000000023a0000,0x00000000024a0000)]

Other Threads:
  0x000000000b15d000 VMThread [stack: 0x000000000d0c0000,0x000000000d1c0000] [id=8576]

VM state:not at safepoint (normal execution)

VM Mutex/Monitor currently owned by a thread: None

Heap
 PSYoungGen      total 76800K, used 1321K [0x00000007d5500000, 0x00000007daa80000, 0x0000000800000000)
  eden space 66048K, 2% used [0x00000007d5500000,0x00000007d564a428,0x00000007d9580000)
  from space 10752K, 0% used [0x00000007da000000,0x00000007da000000,0x00000007daa80000)
  to   space 10752K, 0% used [0x00000007d9580000,0x00000007d9580000,0x00000007da000000)
 ParOldGen       total 174592K, used 0K [0x0000000780000000, 0x000000078aa80000, 0x00000007d5500000)
  object space 174592K, 0% used [0x0000000780000000,0x0000000780000000,0x000000078aa80000)
 PSPermGen       total 21504K, used 701K [0x000000077ae00000, 0x000000077c300000, 0x0000000780000000)
  object space 21504K, 3% used [0x000000077ae00000,0x000000077aeaf5e8,0x000000077c300000)

Card table byte_map: [0x00000000054a0000,0x00000000058d0000] byte_map_base: 0x00000000018c9000

Polling page: 0x0000000000230000

Code Cache  [0x00000000024a0000, 0x0000000002710000, 0x00000000054a0000)
 total_blobs=55 nmethods=0 adapters=32 free_code_cache=48828Kb largest_free_block=50000256

Compilation events (0 events):
No events

GC Heap History (0 events):
No events

Deoptimization events (0 events):
No events

Internal exceptions (0 events):
No events

Events (10 events):
Event: 0.017 loading class 0x000000000af803e0 done
Event: 0.017 loading class 0x000000000af80430
Event: 0.017 loading class 0x000000000af80430 done
Event: 0.017 loading class 0x000000000af80480
Event: 0.017 loading class 0x000000000af80480 done
Event: 0.017 loading class 0x000000000af81200
Event: 0.017 loading class 0x000000000af81200 done
Event: 0.017 loading class 0x000000000af80e20
Event: 0.017 loading class 0x000000000af80e20 done
Event: 0.018 Thread 0x0000000001c7f000 Thread added: 0x0000000001c7f000


Dynamic libraries:
0x000000013fe60000 - 0x000000013fe93000 	C:\Program Files\Java\jdk1.7.0_79\bin\java.exe
0x00000000772f0000 - 0x000000007749a000 	C:\Windows\SYSTEM32\ntdll.dll
0x00000000771d0000 - 0x00000000772ef000 	C:\Windows\system32\kernel32.dll
0x000007fefd0a0000 - 0x000007fefd10a000 	C:\Windows\system32\KERNELBASE.dll
0x000007fefd9a0000 - 0x000007fefda7b000 	C:\Windows\system32\ADVAPI32.dll
0x000007fefedf0000 - 0x000007fefee8f000 	C:\Windows\system32\msvcrt.dll
0x000007feff2a0000 - 0x000007feff2bf000 	C:\Windows\SYSTEM32\sechost.dll
0x000007fefebd0000 - 0x000007fefecfd000 	C:\Windows\system32\RPCRT4.dll
0x00000000770d0000 - 0x00000000771ca000 	C:\Windows\system32\USER32.dll
0x000007fefefa0000 - 0x000007feff007000 	C:\Windows\system32\GDI32.dll
0x000007feff010000 - 0x000007feff01e000 	C:\Windows\system32\LPK.dll
0x000007fefd5c0000 - 0x000007fefd68a000 	C:\Windows\system32\USP10.dll
0x000007fefbab0000 - 0x000007fefbca4000 	C:\Windows\WinSxS\amd64_microsoft.windows.common-controls_6595b64144ccf1df_6.0.7601.18837_none_fa3b1e3d17594757\COMCTL32.dll
0x000007fefd920000 - 0x000007fefd991000 	C:\Windows\system32\SHLWAPI.dll
0x000007fefef70000 - 0x000007fefef9e000 	C:\Windows\system32\IMM32.DLL
0x000007fefdd30000 - 0x000007fefde39000 	C:\Windows\system32\MSCTF.dll
0x000000006bb50000 - 0x000000006bc22000 	C:\Program Files\Java\jdk1.7.0_79\jre\bin\msvcr100.dll
0x0000000057a10000 - 0x00000000581e5000 	C:\Program Files\Java\jdk1.7.0_79\jre\bin\server\jvm.dll
0x000007fef6790000 - 0x000007fef6799000 	C:\Windows\system32\WSOCK32.dll
0x000007fefed00000 - 0x000007fefed4d000 	C:\Windows\system32\WS2_32.dll
0x000007feff2c0000 - 0x000007feff2c8000 	C:\Windows\system32\NSI.dll
0x000007fefaca0000 - 0x000007fefacdb000 	C:\Windows\system32\WINMM.dll
0x00000000774c0000 - 0x00000000774c7000 	C:\Windows\system32\PSAPI.DLL
0x000000006db00000 - 0x000000006db0f000 	C:\Program Files\Java\jdk1.7.0_79\jre\bin\verify.dll
0x000000006bd90000 - 0x000000006bdb8000 	C:\Program Files\Java\jdk1.7.0_79\jre\bin\java.dll
0x000000006dae0000 - 0x000000006daf5000 	C:\Program Files\Java\jdk1.7.0_79\jre\bin\zip.dll
0x000007fef8450000 - 0x000007fef8575000 	C:\Windows\system32\dbghelp.dll

VM Arguments:
jvm_args: -Xmx2048M -Dcom.android.sdkmanager.toolsdir=C:/Users/Robert/AppData/Local/Android/sdk\tools -Dfile.encoding=UTF8 
java_command: C:\Program Files\Unity\Editor\Data\PlaybackEngines\AndroidPlayer/Tools\sdktools.jar -
Launcher Type: SUN_STANDARD

Environment Variables:
PATH=C:\Program Files (x86)\AMD APP\bin\x86_64;C:\Program Files (x86)\AMD APP\bin\x86;C:\Windows\system32;C:\Windows;C:\Windows\System32\Wbem;C:\Windows\System32\WindowsPowerShell\v1.0\;C:\Program Files (x86)\ATI Technologies\ATI.ACE\Core-Static;C:\Program Files (x86)\NVIDIA Corporation\PhysX\Common;C:\Program Files (x86)\GtkSharp\2.12\bin;C:\Program Files (x86)\Windows Kits\8.1\Windows Performance Toolkit\
USERNAME=Robert
OS=Windows_NT
PROCESSOR_IDENTIFIER=AMD64 Family 21 Model 2 Stepping 0, AuthenticAMD



---------------  S Y S T E M  ---------------

OS: Windows 7 , 64 bit Build 7601 Service Pack 1

CPU:total 8 (8 cores per cpu, 1 threads per core) family 21 model 2 stepping 0, cmov, cx8, fxsr, mmx, sse, sse2, sse3, ssse3, sse4.1, sse4.2, popcnt, avx, aes, mmxext, 3dnowpref, lzcnt, sse4a, tsc, tscinvbit, tscinv

Memory: 4k page, physical 16775348k(11243608k free), swap 33548840k(27080120k free)

vm_info: Java HotSpot(TM) 64-Bit Server VM (24.79-b02) for windows-amd64 JRE (1.7.0_79-b15), built on Apr 10 2015 12:36:16 by "java_re" with unknown MS VC++:1600

time: Sun May 01 21:50:25 2016
elapsed time: 0 seconds

