#
# A fatal error has been detected by the Java Runtime Environment:
#
#  EXCEPTION_ACCESS_VIOLATION (0xc0000005) at pc=0x00000000025b7c84, pid=7760, tid=7452
#
# JRE version: Java(TM) SE Runtime Environment (7.0_79-b15) (build 1.7.0_79-b15)
# Java VM: Java HotSpot(TM) 64-Bit Server VM (24.79-b02 mixed mode windows-amd64 compressed oops)
# Problematic frame:
# v  ~RuntimeStub::resolve_opt_virtual_call
#
# Failed to write core dump. Minidumps are not enabled by default on client versions of Windows
#
# If you would like to submit a bug report, please visit:
#   http://bugreport.java.com/bugreport/crash.jsp
#

---------------  T H R E A D  ---------------

Current thread (0x000000000203e000):  JavaThread "main" [_thread_in_Java, id=7452, stack(0x0000000002480000,0x0000000002580000)]

siginfo: ExceptionCode=0xc0000005, writing address 0x0000000004af8030

Registers:
RAX=0x00000007d55f0080, RBX=0x0000000000000037, RCX=0x000000000000003b, RDX=0x00000007d55f0080
RSP=0x000000000257bfa0, RBP=0x000000000257c030, RSI=0x0000000000000400, RDI=0x0000000000000027
R8 =0x00000007d55ef248, R9 =0x0000000000000000, R10=0x0000000000000001, R11=0x00000000ef5c15c0
R12=0x0000000000000000, R13=0x0000000000000049, R14=0x000000000000003b, R15=0x000000000203e000
RIP=0x00000000025b7c84, EFLAGS=0x0000000000010206

Top of Stack: (sp=0x000000000257bfa0)
0x000000000257bfa0:   000000000203e000 000000000000003b
0x000000000257bfb0:   0000000000000000 00000000025860f8
0x000000000257bfc0:   00000000ef5c15c0 00000007d55ef248
0x000000000257bfd0:   0000000000000036 0000000076f81a0a
0x000000000257bfe0:   000000000257c070 0000000000000022
0x000000000257bff0:   000000000257c070 000000000257c020
0x000000000257c000:   0000000000000000 00000007d55f0080
0x000000000257c010:   000000000000003b 00000007d55f0080
0x000000000257c020:   0000000000000000 0000000000000246
0x000000000257c030:   00000007d55f0080 00000000025e63e0
0x000000000257c040:   0000000000000036 000000077aed06e0
0x000000000257c050:   000000077b0ca368 000000077ae3cc60
0x000000000257c060:   0000000700000027 000000000257c0b0
0x000000000257c070:   000000000257c118 00000000025862d3
0x000000000257c080:   00000007d55ef248 0000000000000023
0x000000000257c090:   000000000000003b 0000000000000022 

Instructions: (pc=0x00000000025b7c84)
0x00000000025b7c64:   9c 48 83 ec 08 48 89 64 24 d8 48 81 ec 80 00 00
0x00000000025b7c74:   00 48 89 44 24 78 48 89 4c 24 70 48 89 54 24 68
0x00000000025b7c84:   48 89 5c 2c 60 48 89 6c 24 50 48 89 74 24 48 48
0x00000000025b7c94:   89 7c 24 40 4c 89 44 24 38 4c 89 4c 24 30 4c 89 


Register to memory mapping:

RAX=0x00000007d55f0080 is an oop
java.lang.String 
 - klass: 'java/lang/String'
RBX=0x0000000000000037 is an unknown value
RCX=0x000000000000003b is an unknown value
RDX=0x00000007d55f0080 is an oop
java.lang.String 
 - klass: 'java/lang/String'
RSP=0x000000000257bfa0 is pointing into the stack for thread: 0x000000000203e000
RBP=0x000000000257c030 is pointing into the stack for thread: 0x000000000203e000
RSI=0x0000000000000400 is an unknown value
RDI=0x0000000000000027 is an unknown value
R8 =0x00000007d55ef248 is an oop
[C 
 - klass: {type array char}
 - length: 1024
R9 =0x0000000000000000 is an unknown value
R10=0x0000000000000001 is an unknown value
R11=0x00000000ef5c15c0 is an unknown value
R12=0x0000000000000000 is an unknown value
R13=0x0000000000000049 is an unknown value
R14=0x000000000000003b is an unknown value
R15=0x000000000203e000 is a thread


Stack: [0x0000000002480000,0x0000000002580000],  sp=0x000000000257bfa0,  free space=1007k
Native frames: (J=compiled Java code, j=interpreted, Vv=VM code, C=native code)
v  ~RuntimeStub::resolve_opt_virtual_call


---------------  P R O C E S S  ---------------

Java Threads: ( => current thread )
  0x000000000af6d800 JavaThread "Service Thread" daemon [_thread_blocked, id=3436, stack(0x000000000db20000,0x000000000dc20000)]
  0x000000000af6b000 JavaThread "C2 CompilerThread1" daemon [_thread_in_native, id=8104, stack(0x000000000d990000,0x000000000da90000)]
  0x000000000af64000 JavaThread "C2 CompilerThread0" daemon [_thread_in_native, id=8168, stack(0x000000000d820000,0x000000000d920000)]
  0x000000000af63000 JavaThread "Attach Listener" daemon [_thread_blocked, id=7816, stack(0x000000000d630000,0x000000000d730000)]
  0x000000000af62800 JavaThread "Signal Dispatcher" daemon [_thread_blocked, id=7468, stack(0x000000000d370000,0x000000000d470000)]
  0x000000000213f000 JavaThread "Finalizer" daemon [_thread_blocked, id=5876, stack(0x000000000d240000,0x000000000d340000)]
  0x0000000002138800 JavaThread "Reference Handler" daemon [_thread_blocked, id=6204, stack(0x000000000cf10000,0x000000000d010000)]
=>0x000000000203e000 JavaThread "main" [_thread_in_Java, id=7452, stack(0x0000000002480000,0x0000000002580000)]

Other Threads:
  0x000000000bfc3800 VMThread [stack: 0x000000000d040000,0x000000000d140000] [id=5392]
  0x000000000af6e000 WatcherThread [stack: 0x000000000dcc0000,0x000000000ddc0000] [id=6844]

VM state:not at safepoint (normal execution)

VM Mutex/Monitor currently owned by a thread: None

Heap
 PSYoungGen      total 76800K, used 2642K [0x00000007d5500000, 0x00000007daa80000, 0x0000000800000000)
  eden space 66048K, 4% used [0x00000007d5500000,0x00000007d5794898,0x00000007d9580000)
  from space 10752K, 0% used [0x00000007da000000,0x00000007da000000,0x00000007daa80000)
  to   space 10752K, 0% used [0x00000007d9580000,0x00000007d9580000,0x00000007da000000)
 ParOldGen       total 174592K, used 0K [0x0000000780000000, 0x000000078aa80000, 0x00000007d5500000)
  object space 174592K, 0% used [0x0000000780000000,0x0000000780000000,0x000000078aa80000)
 PSPermGen       total 21504K, used 2993K [0x000000077ae00000, 0x000000077c300000, 0x0000000780000000)
  object space 21504K, 13% used [0x000000077ae00000,0x000000077b0ec510,0x000000077c300000)

Card table byte_map: [0x0000000005580000,0x00000000059b0000] byte_map_base: 0x00000000019a9000

Polling page: 0x00000000001d0000

Code Cache  [0x0000000002580000, 0x00000000027f0000, 0x0000000005580000)
 total_blobs=195 nmethods=5 adapters=144 free_code_cache=48755Kb largest_free_block=49910848

Compilation events (10 events):
Event: 0.099 Thread 0x000000000af6b000    2             java.lang.String::charAt (29 bytes)
Event: 0.099 Thread 0x000000000af6b000 nmethod 2 0x00000000025df990 code [0x00000000025dfac0, 0x00000000025dfb78]
Event: 0.111 Thread 0x000000000af64000    3 %           java.util.Properties$LineReader::readLine @ 21 (452 bytes)
Event: 0.112 Thread 0x000000000af6b000    4 %           java.util.Properties::loadConvert @ 39 (505 bytes)
Event: 0.122 Thread 0x000000000af64000 nmethod 3% 0x00000000025e2e90 code [0x00000000025e3020, 0x00000000025e3918]
Event: 0.122 Thread 0x000000000af64000    5             java.lang.String::hashCode (55 bytes)
Event: 0.123 Thread 0x000000000af64000 nmethod 5 0x00000000025df590 code [0x00000000025df6c0, 0x00000000025df838]
Event: 0.124 Thread 0x000000000af6b000 nmethod 4% 0x00000000025e5ed0 code [0x00000000025e6040, 0x00000000025e67c8]
Event: 0.125 Thread 0x000000000af64000    6             java.util.Properties$LineReader::readLine (452 bytes)
Event: 0.126 Thread 0x000000000af6b000    7             java.util.Properties::loadConvert (505 bytes)

GC Heap History (0 events):
No events

Deoptimization events (1 events):
Event: 0.125 Thread 0x000000000203e000 Uncommon trap: reason=unreached action=reinterpret pc=0x00000000025e35bc method=java.util.Properties$LineReader.readLine()I @ 166

Internal exceptions (9 events):
Event: 0.026 Thread 0x000000000203e000 Threw 0x00000007d550a268 at C:\re\jdk7u79\2331\hotspot\src\share\vm\prims\jni.cpp:3991
Event: 0.064 Thread 0x000000000203e000 Threw 0x00000007d5553a20 at C:\re\jdk7u79\2331\hotspot\src\share\vm\prims\jvm.cpp:1304
Event: 0.068 Thread 0x000000000203e000 Threw 0x00000007d55631a0 at C:\re\jdk7u79\2331\hotspot\src\share\vm\prims\jvm.cpp:1304
Event: 0.071 Thread 0x000000000203e000 Threw 0x00000007d5567c78 at C:\re\jdk7u79\2331\hotspot\src\share\vm\prims\jvm.cpp:1304
Event: 0.071 Thread 0x000000000203e000 Threw 0x00000007d556a020 at C:\re\jdk7u79\2331\hotspot\src\share\vm\prims\jvm.cpp:1304
Event: 0.121 Thread 0x000000000203e000 Threw 0x00000007d55dc6b0 at C:\re\jdk7u79\2331\hotspot\src\share\vm\prims\jvm.cpp:1304
Event: 0.121 Thread 0x000000000203e000 Threw 0x00000007d55dc7d8 at C:\re\jdk7u79\2331\hotspot\src\share\vm\prims\jvm.cpp:1304
Event: 0.122 Thread 0x000000000203e000 Threw 0x00000007d55e0450 at C:\re\jdk7u79\2331\hotspot\src\share\vm\prims\jvm.cpp:1304
Event: 0.122 Thread 0x000000000203e000 Threw 0x00000007d55e0578 at C:\re\jdk7u79\2331\hotspot\src\share\vm\prims\jvm.cpp:1304

Events (10 events):
Event: 0.125 loading class 0x000000000c16e660 done
Event: 0.125 loading class 0x000000000c01e9f0
Event: 0.125 loading class 0x000000000c01e9f0 done
Event: 0.125 loading class 0x000000000c01e8c0
Event: 0.125 loading class 0x000000000c01e8c0 done
Event: 0.125 loading class 0x000000000c16ed30
Event: 0.125 loading class 0x000000000c16ed30 done
Event: 0.125 Thread 0x000000000203e000 Uncommon trap: trap_request=0xffffffad fr.pc=0x00000000025e35bc
Event: 0.125 Thread 0x000000000203e000 DEOPT PACKING pc=0x00000000025e35bc sp=0x000000000257c010
Event: 0.125 Thread 0x000000000203e000 DEOPT UNPACKING pc=0x00000000025b9064 sp=0x000000000257bff0 mode 2


Dynamic libraries:
0x000000013f1c0000 - 0x000000013f1f3000 	C:\Program Files\Java\jdk1.7.0_79\bin\java.exe
0x0000000077080000 - 0x000000007722a000 	C:\Windows\SYSTEM32\ntdll.dll
0x0000000076f60000 - 0x000000007707f000 	C:\Windows\system32\kernel32.dll
0x000007fefcef0000 - 0x000007fefcf5a000 	C:\Windows\system32\KERNELBASE.dll
0x000007fefd8b0000 - 0x000007fefd98b000 	C:\Windows\system32\ADVAPI32.dll
0x000007fefd630000 - 0x000007fefd6cf000 	C:\Windows\system32\msvcrt.dll
0x000007fefddb0000 - 0x000007fefddcf000 	C:\Windows\SYSTEM32\sechost.dll
0x000007fefd260000 - 0x000007fefd38d000 	C:\Windows\system32\RPCRT4.dll
0x0000000076e60000 - 0x0000000076f5a000 	C:\Windows\system32\USER32.dll
0x000007fefe150000 - 0x000007fefe1b7000 	C:\Windows\system32\GDI32.dll
0x000007fefdd00000 - 0x000007fefdd0e000 	C:\Windows\system32\LPK.dll
0x000007fefe4b0000 - 0x000007fefe57a000 	C:\Windows\system32\USP10.dll
0x000007fefb840000 - 0x000007fefba34000 	C:\Windows\WinSxS\amd64_microsoft.windows.common-controls_6595b64144ccf1df_6.0.7601.18837_none_fa3b1e3d17594757\COMCTL32.dll
0x000007fefe0c0000 - 0x000007fefe131000 	C:\Windows\system32\SHLWAPI.dll
0x000007feff310000 - 0x000007feff33e000 	C:\Windows\system32\IMM32.DLL
0x000007fefd390000 - 0x000007fefd499000 	C:\Windows\system32\MSCTF.dll
0x0000000066580000 - 0x0000000066652000 	C:\Program Files\Java\jdk1.7.0_79\jre\bin\msvcr100.dll
0x0000000055e20000 - 0x00000000565f5000 	C:\Program Files\Java\jdk1.7.0_79\jre\bin\server\jvm.dll
0x000007fef70e0000 - 0x000007fef70e9000 	C:\Windows\system32\WSOCK32.dll
0x000007feff340000 - 0x000007feff38d000 	C:\Windows\system32\WS2_32.dll
0x000007fefe140000 - 0x000007fefe148000 	C:\Windows\system32\NSI.dll
0x000007fefaa30000 - 0x000007fefaa6b000 	C:\Windows\system32\WINMM.dll
0x0000000077240000 - 0x0000000077247000 	C:\Windows\system32\PSAPI.DLL
0x000000006bf00000 - 0x000000006bf0f000 	C:\Program Files\Java\jdk1.7.0_79\jre\bin\verify.dll
0x000000006bed0000 - 0x000000006bef8000 	C:\Program Files\Java\jdk1.7.0_79\jre\bin\java.dll
0x000000006beb0000 - 0x000000006bec5000 	C:\Program Files\Java\jdk1.7.0_79\jre\bin\zip.dll

VM Arguments:
jvm_args: -Xmx2048M -Dcom.android.sdkmanager.toolsdir=C:/Users/Robert/AppData/Local/Android/sdk\tools -Dfile.encoding=UTF8 
java_command: C:\Program Files\Unity\Editor\Data\PlaybackEngines\AndroidPlayer/Tools\sdktools.jar -
Launcher Type: SUN_STANDARD

Environment Variables:
PATH=C:\Program Files (x86)\AMD APP\bin\x86_64;C:\Program Files (x86)\AMD APP\bin\x86;C:\Windows\system32;C:\Windows;C:\Windows\System32\Wbem;C:\Windows\System32\WindowsPowerShell\v1.0\;C:\Program Files (x86)\ATI Technologies\ATI.ACE\Core-Static;C:\Program Files (x86)\NVIDIA Corporation\PhysX\Common;C:\Program Files (x86)\GtkSharp\2.12\bin;C:\Program Files (x86)\Windows Kits\8.1\Windows Performance Toolkit\
USERNAME=Robert
OS=Windows_NT
PROCESSOR_IDENTIFIER=AMD64 Family 21 Model 2 Stepping 0, AuthenticAMD



---------------  S Y S T E M  ---------------

OS: Windows 7 , 64 bit Build 7601 Service Pack 1

CPU:total 8 (8 cores per cpu, 1 threads per core) family 21 model 2 stepping 0, cmov, cx8, fxsr, mmx, sse, sse2, sse3, ssse3, sse4.1, sse4.2, popcnt, avx, aes, mmxext, 3dnowpref, lzcnt, sse4a, tsc, tscinvbit, tscinv

Memory: 4k page, physical 16775348k(11526348k free), swap 33548840k(27412956k free)

vm_info: Java HotSpot(TM) 64-Bit Server VM (24.79-b02) for windows-amd64 JRE (1.7.0_79-b15), built on Apr 10 2015 12:36:16 by "java_re" with unknown MS VC++:1600

time: Tue May 03 11:46:32 2016
elapsed time: 0 seconds

